<?xml version="1.0" encoding="UTF-8"?>
<testng-results ignored="0" total="1" passed="1" failed="0" skipped="0">
  <reporter-output>
  </reporter-output>
  <suite started-at="2022-05-07T21:32:32Z" name="Default suite" finished-at="2022-05-07T21:32:57Z" duration-ms="24392">
    <groups>
    </groups>
    <test started-at="2022-05-07T21:32:32Z" name="Default test" finished-at="2022-05-07T21:32:57Z" duration-ms="24392">
      <class name="com.automation.testcases.TestCases">
        <test-method is-config="true" signature="setupSuite()[pri:0, instance:com.automation.testcases.TestCases@5a3bc7ed]" started-at="2022-05-07T17:32:30Z" name="setupSuite" finished-at="2022-05-07T17:32:32Z" duration-ms="2733" status="PASS">
          <reporter-output>
          </reporter-output>
        </test-method> <!-- setupSuite -->
        <test-method is-config="true" signature="setup()[pri:0, instance:com.automation.testcases.TestCases@5a3bc7ed]" started-at="2022-05-07T17:32:32Z" name="setup" finished-at="2022-05-07T17:32:46Z" duration-ms="13353" status="PASS">
          <reporter-output>
          </reporter-output>
        </test-method> <!-- setup -->
        <test-method signature="loginapp()[pri:0, instance:com.automation.testcases.TestCases@5a3bc7ed]" started-at="2022-05-07T17:32:46Z" name="loginapp" finished-at="2022-05-07T17:32:49Z" duration-ms="3241" status="PASS">
          <reporter-output>
          </reporter-output>
        </test-method> <!-- loginapp -->
        <test-method is-config="true" signature="teardownMethod(org.testng.ITestResult)[pri:0, instance:com.automation.testcases.TestCases@5a3bc7ed]" started-at="2022-05-07T17:32:49Z" name="teardownMethod" finished-at="2022-05-07T17:32:53Z" duration-ms="3491" status="PASS">
          <params>
            <param index="0">
              <value>
                <![CDATA[[TestResult name=loginapp status=SUCCESS method=TestCases.loginapp()[pri:0, instance:com.automation.testcases.TestCases@5a3bc7ed] output={null}]]]>
              </value>
            </param>
          </params>
          <reporter-output>
          </reporter-output>
        </test-method> <!-- teardownMethod -->
        <test-method is-config="true" signature="teardown()[pri:0, instance:com.automation.testcases.TestCases@5a3bc7ed]" started-at="2022-05-07T17:32:53Z" name="teardown" finished-at="2022-05-07T17:32:57Z" duration-ms="4252" status="PASS">
          <reporter-output>
          </reporter-output>
        </test-method> <!-- teardown -->
      </class> <!-- com.automation.testcases.TestCases -->
    </test> <!-- Default test -->
  </suite> <!-- Default suite -->
</testng-results>
